<?xml version="1.0" encoding="UTF-8"?>
<!-- Generated by org.testng.reporters.JUnitXMLReporter -->
<testsuite ignored="0" hostname="DESKTOP-VT2BQ7B" failures="0" tests="3" name="Default test" time="21.063" errors="0" timestamp="2023-02-15T00:15:01 EST">
  <testcase classname="DemoQA_practice.Doubleclick_rightclick_alert" name="doubleclick" time="8.079"/>
  <testcase classname="DemoQA_practice.Doubleclick_rightclick_alert" name="rightclick" time="5.109"/>
  <testcase classname="DemoQA_practice.Doubleclick_rightclick_alert" name="rightclicwith_Alert" time="7.809"/>
</testsuite> <!-- Default test -->
