<?xml version="1.0" encoding="UTF-8"?>
<!-- Generated by org.testng.reporters.JUnitXMLReporter -->
<testsuite ignored="0" hostname="DESKTOP-VT2BQ7B" failures="0" tests="25" name="Practice1.xml" time="36.227" errors="0" timestamp="2022-08-06T17:52:29 EDT">
  <testcase classname="TestNG_Framework.TestNg_DependsOnFeature" name="launchbrowser" time="3.298"/>
  <testcase classname="TestNG_Framework.TestNg_DependsOnFeature" name="launchurl" time="3.13"/>
  <testcase classname="TestNG_Framework.TestNg_DependsOnFeature" name="launchurl1" time="0.005"/>
  <testcase classname="TestNG_Framework.TestNg_DependsOnFeature" name="launchurl2" time="0.002"/>
  <testcase classname="TestNG_Framework.TestNg_DependsOnFeature" name="launchurl3" time="0.006"/>
  <testcase classname="TestNG_Framework.TestNG_Framework1" name="googletitletest" time="0.004"/>
  <testcase classname="TestNG_Framework.TestNG_Framework1" name="searchtest" time="0.002"/>
  <testcase classname="TestNG_Framework.TestNG_Framework1" name="googlelogotest" time="0.002"/>
  <testcase classname="TestNG_Framework.ExceptionTimeoutTEst" name="test1" time="0.001"/>
  <testcase classname="TestNG_Framework.TestNG_Framework2" name="enterusername" time="0.088"/>
  <testcase classname="TestNG_Framework.TestNG_Framework2" name="password" time="0.104"/>
  <testcase classname="TestNG_Framework.TestNG_Framework2" name="logout" time="0.002"/>
  <testcase classname="TestNG_Framework.TestNG_Framework2" name="clicksignin" time="0.001"/>
  <testcase classname="TestNG_Framework.GoogleTitleTestAssertcommand" name="gogglelogoTest" time="0.058"/>
  <testcase classname="TestNG_Framework.GoogleTitleTestAssertcommand" name="googletitletest" time="0.008"/>
  <testcase classname="TestNG_Framework.InvocationCountTest" name="sum" time="0.002"/>
  <testcase classname="TestNG_Framework.InvocationCountTest" name="sum" time="0.002"/>
  <testcase classname="TestNG_Framework.InvocationCountTest" name="sum" time="0.003"/>
  <testcase classname="TestNG_Framework.InvocationCountTest" name="sum" time="0.002"/>
  <testcase classname="TestNG_Framework.InvocationCountTest" name="sum" time="0.002"/>
  <testcase classname="TestNG_Framework.InvocationCountTest" name="sum" time="0.002"/>
  <testcase classname="TestNG_Framework.InvocationCountTest" name="sum" time="0.001"/>
  <testcase classname="TestNG_Framework.InvocationCountTest" name="sum" time="0.004"/>
  <testcase classname="TestNG_Framework.InvocationCountTest" name="sum" time="0.003"/>
  <testcase classname="TestNG_Framework.InvocationCountTest" name="sum" time="0.002"/>
</testsuite> <!-- Practice1.xml -->
