<?xml version="1.0" encoding="UTF-8"?>
<!-- Generated by org.testng.reporters.JUnitXMLReporter -->
<testsuite ignored="0" hostname="DESKTOP-VT2BQ7B" failures="0" tests="25" name="Test" time="42.524" errors="0" timestamp="2022-06-07T14:15:13 EDT">
  <testcase classname="TestNG_Framework.TestNg_DependsOnFeature" name="launchbrowser" time="6.502"/>
  <testcase classname="TestNG_Framework.TestNg_DependsOnFeature" name="launchurl" time="2.283"/>
  <testcase classname="TestNG_Framework.TestNg_DependsOnFeature" name="launchurl1" time="0.003"/>
  <testcase classname="TestNG_Framework.TestNg_DependsOnFeature" name="launchurl2" time="0.002"/>
  <testcase classname="TestNG_Framework.TestNg_DependsOnFeature" name="launchurl3" time="0.002"/>
  <testcase classname="TestNG_Framework.TestNG_Framework1" name="googletitletest" time="0.012"/>
  <testcase classname="TestNG_Framework.TestNG_Framework1" name="searchtest" time="0.001"/>
  <testcase classname="TestNG_Framework.TestNG_Framework1" name="googlelogotest" time="0.002"/>
  <testcase classname="TestNG_Framework.TestNG_Framework2" name="enterusername" time="0.103"/>
  <testcase classname="TestNG_Framework.TestNG_Framework2" name="password" time="0.165"/>
  <testcase classname="TestNG_Framework.TestNG_Framework2" name="logout" time="0.001"/>
  <testcase classname="TestNG_Framework.TestNG_Framework2" name="clicksignin" time="0.004"/>
  <testcase classname="TestNG_Framework.ExceptionTimeoutTEst" name="test1" time="0.001"/>
  <testcase classname="TestNG_Framework.GoogleTitleTestAssertcommand" name="gogglelogoTest" time="0.063"/>
  <testcase classname="TestNG_Framework.GoogleTitleTestAssertcommand" name="googletitletest" time="0.009"/>
  <testcase classname="TestNG_Framework.InvocationCountTest" name="sum" time="0.001"/>
  <testcase classname="TestNG_Framework.InvocationCountTest" name="sum" time="0.001"/>
  <testcase classname="TestNG_Framework.InvocationCountTest" name="sum" time="0.0"/>
  <testcase classname="TestNG_Framework.InvocationCountTest" name="sum" time="0.001"/>
  <testcase classname="TestNG_Framework.InvocationCountTest" name="sum" time="0.0"/>
  <testcase classname="TestNG_Framework.InvocationCountTest" name="sum" time="0.001"/>
  <testcase classname="TestNG_Framework.InvocationCountTest" name="sum" time="0.001"/>
  <testcase classname="TestNG_Framework.InvocationCountTest" name="sum" time="0.001"/>
  <testcase classname="TestNG_Framework.InvocationCountTest" name="sum" time="0.002"/>
  <testcase classname="TestNG_Framework.InvocationCountTest" name="sum" time="0.002"/>
</testsuite> <!-- Test -->
