<?xml version="1.0" encoding="UTF-8"?>
<!-- Generated by org.testng.reporters.JUnitXMLReporter -->
<testsuite ignored="0" hostname="DESKTOP-VT2BQ7B" failures="0" tests="3" name="Test" time="8.646" errors="0" timestamp="2022-07-20T16:45:27 EDT">
  <testcase classname="TestNG_Framework.ExceptionTimeoutTEst" name="test1" time="0.006"/>
  <testcase classname="TestNG_Framework.GoogleTitleTestAssertcommand" name="gogglelogoTest" time="0.056"/>
  <testcase classname="TestNG_Framework.GoogleTitleTestAssertcommand" name="googletitletest" time="0.01"/>
</testsuite> <!-- Test -->
