<?xml version="1.0" encoding="UTF-8"?>
<!-- Generated by org.testng.reporters.JUnitXMLReporter -->
<testsuite ignored="1" hostname="DESKTOP-VT2BQ7B" failures="0" tests="1" name="Test(failed)" time="8.972" errors="0" timestamp="2022-06-16T13:10:46 EDT">
  <testcase classname="TestNG_Framework.GoogleTitleTestAssertcommand" name="gogglelogoTest" time="0.096"/>
  <testcase classname="TestNG_Framework.GoogleTitleTestAssertcommand" name="googletitletest" time="0.0">
    <ignored/>
  </testcase> <!-- googletitletest -->
</testsuite> <!-- Test(failed) -->
