<?xml version="1.0" encoding="UTF-8"?>
<testng-results ignored="0" total="1" passed="1" failed="0" skipped="0">
  <reporter-output>
  </reporter-output>
  <suite started-at="2023-02-04T13:16:09 EST" name="Default suite" finished-at="2023-02-04T13:16:18 EST" duration-ms="9017">
    <groups>
    </groups>
    <test started-at="2023-02-04T13:16:09 EST" name="Default test" finished-at="2023-02-04T13:16:18 EST" duration-ms="9017">
      <class name="CheckBox_handle.checkBox_handle">
        <test-method signature="Select_checkbox()[pri:0, instance:CheckBox_handle.checkBox_handle@7bab3f1a]" started-at="2023-02-04T13:16:09 EST" name="Select_checkbox" finished-at="2023-02-04T13:16:18 EST" duration-ms="8960" status="PASS">
          <reporter-output>
          </reporter-output>
        </test-method> <!-- Select_checkbox -->
      </class> <!-- CheckBox_handle.checkBox_handle -->
    </test> <!-- Default test -->
  </suite> <!-- Default suite -->
</testng-results>
